# JRE version: Java(TM) SE Runtime Environment (8.0_161-b12) (build 1.8.0_161-b12)
# Java VM: Java HotSpot(TM) Client VM (25.161-b12 mixed mode, sharing windows-x86 )
Heap:
 def new generation   total 8000K, used 3049K [0x04600000, 0x04ea0000, 0x09b50000)
  eden space 7168K,  37% used [0x04600000, 0x04898b80, 0x04d00000)
  from space 832K,  46% used [0x04dd0000, 0x04e31bc8, 0x04ea0000)
  to   space 832K,   0% used [0x04d00000, 0x04d00000, 0x04dd0000)
 tenured generation   total 17524K, used 15928K [0x09b50000, 0x0ac6d000, 0x14600000)
   the space 17524K,  90% used [0x09b50000, 0x0aade1c8, 0x0aade200, 0x0ac6d000)
 Metaspace       used 767K, capacity 2508K, committed 2624K, reserved 4480K
GC Heap History (10 events):
Event: 2.599 GC heap before
{Heap before GC invocations=11 (full 1):
 def new generation   total 8000K, used 7734K [0x04600000, 0x04ea0000, 0x09b50000)
  eden space 7168K, 100% used [0x04600000, 0x04d00000, 0x04d00000)
  from space 832K,  68% used [0x04d00000, 0x04d8d928, 0x04dd0000)
  to   space 832K,   0% used [0x04dd0000, 0x04dd0000, 0x04ea0000)
 tenured generation   total 17524K, used 13127K [0x09b50000, 0x0ac6d000, 0x14600000)
   the space 17524K,  74% used [0x09b50000, 0x0a821d80, 0x0a821e00, 0x0ac6d000)
 Metaspace       used 763K, capacity 2508K, committed 2624K, reserved 4480K
Event: 2.604 GC heap after
Heap after GC invocations=12 (full 1):
 def new generation   total 8000K, used 752K [0x04600000, 0x04ea0000, 0x09b50000)
  eden space 7168K,   0% used [0x04600000, 0x04600000, 0x04d00000)
  from space 832K,  90% used [0x04dd0000, 0x04e8c310, 0x04ea0000)
  to   space 832K,   0% used [0x04d00000, 0x04d00000, 0x04dd0000)
 tenured generation   total 17524K, used 15920K [0x09b50000, 0x0ac6d000, 0x14600000)
   the space 17524K,  90% used [0x09b50000, 0x0aadc268, 0x0aadc400, 0x0ac6d000)
 Metaspace       used 763K, capacity 2508K, committed 2624K, reserved 4480K
}
Event: 2.735 GC heap before
{Heap before GC invocations=12 (full 1):
 def new generation   total 8000K, used 7840K [0x04600000, 0x04ea0000, 0x09b50000)
  eden space 7168K,  98% used [0x04600000, 0x04cec068, 0x04d00000)
  from space 832K,  90% used [0x04dd0000, 0x04e8c310, 0x04ea0000)
  to   space 832K,   0% used [0x04d00000, 0x04d00000, 0x04dd0000)
 tenured generation   total 17524K, used 15920K [0x09b50000, 0x0ac6d000, 0x14600000)
   the space 17524K,  90% used [0x09b50000, 0x0aadc268, 0x0aadc400, 0x0ac6d000)
 Metaspace       used 763K, capacity 2508K, committed 2624K, reserved 4480K
Event: 2.758 GC heap after
Heap after GC invocations=13 (full 2):
 def new generation   total 8000K, used 0K [0x04600000, 0x04ea0000, 0x09b50000)
  eden space 7168K,   0% used [0x04600000, 0x04600000, 0x04d00000)
  from space 832K,   0% used [0x04d00000, 0x04d00000, 0x04dd0000)
  to   space 832K,   0% used [0x04dd0000, 0x04dd0000, 0x04ea0000)
 tenured generation   total 17524K, used 7922K [0x09b50000, 0x0ac6d000, 0x14600000)
   the space 17524K,  45% used [0x09b50000, 0x0a30caf0, 0x0a30cc00, 0x0ac6d000)
 Metaspace       used 763K, capacity 2508K, committed 2624K, reserved 4480K
}
Event: 2.842 GC heap before
{Heap before GC invocations=13 (full 2):
 def new generation   total 8000K, used 7168K [0x04600000, 0x04ea0000, 0x09b50000)
  eden space 7168K, 100% used [0x04600000, 0x04d00000, 0x04d00000)
  from space 832K,   0% used [0x04d00000, 0x04d00000, 0x04dd0000)
  to   space 832K,   0% used [0x04dd0000, 0x04dd0000, 0x04ea0000)
 tenured generation   total 17524K, used 7922K [0x09b50000, 0x0ac6d000, 0x14600000)
   the space 17524K,  45% used [0x09b50000, 0x0a30caf0, 0x0a30cc00, 0x0ac6d000)
 Metaspace       used 763K, capacity 2508K, committed 2624K, reserved 4480K
Event: 2.844 GC heap after
Heap after GC invocations=14 (full 2):
 def new generation   total 8000K, used 195K [0x04600000, 0x04ea0000, 0x09b50000)
  eden space 7168K,   0% used [0x04600000, 0x04600000, 0x04d00000)
  from space 832K,  23% used [0x04dd0000, 0x04e00dc8, 0x04ea0000)
  to   space 832K,   0% used [0x04d00000, 0x04d00000, 0x04dd0000)
 tenured generation   total 17524K, used 10535K [0x09b50000, 0x0ac6d000, 0x14600000)
   the space 17524K,  60% used [0x09b50000, 0x0a599f00, 0x0a59a000, 0x0ac6d000)
 Metaspace       used 763K, capacity 2508K, committed 2624K, reserved 4480K
}
Event: 2.981 GC heap before
{Heap before GC invocations=14 (full 2):
 def new generation   total 8000K, used 7363K [0x04600000, 0x04ea0000, 0x09b50000)
  eden space 7168K, 100% used [0x04600000, 0x04d00000, 0x04d00000)
  from space 832K,  23% used [0x04dd0000, 0x04e00dc8, 0x04ea0000)
  to   space 832K,   0% used [0x04d00000, 0x04d00000, 0x04dd0000)
 tenured generation   total 17524K, used 10535K [0x09b50000, 0x0ac6d000, 0x14600000)
   the space 17524K,  60% used [0x09b50000, 0x0a599f00, 0x0a59a000, 0x0ac6d000)
 Metaspace       used 763K, capacity 2508K, committed 2624K, reserved 4480K
Event: 2.984 GC heap after
Heap after GC invocations=15 (full 2):
 def new generation   total 8000K, used 555K [0x04600000, 0x04ea0000, 0x09b50000)
  eden space 7168K,   0% used [0x04600000, 0x04600000, 0x04d00000)
  from space 832K,  66% used [0x04d00000, 0x04d8adf0, 0x04dd0000)
  to   space 832K,   0% used [0x04dd0000, 0x04dd0000, 0x04ea0000)
 tenured generation   total 17524K, used 13148K [0x09b50000, 0x0ac6d000, 0x14600000)
   the space 17524K,  75% used [0x09b50000, 0x0a827310, 0x0a827400, 0x0ac6d000)
 Metaspace       used 763K, capacity 2508K, committed 2624K, reserved 4480K
}
Event: 3.095 GC heap before
{Heap before GC invocations=15 (full 2):
 def new generation   total 8000K, used 7723K [0x04600000, 0x04ea0000, 0x09b50000)
  eden space 7168K, 100% used [0x04600000, 0x04d00000, 0x04d00000)
  from space 832K,  66% used [0x04d00000, 0x04d8adf0, 0x04dd0000)
  to   space 832K,   0% used [0x04dd0000, 0x04dd0000, 0x04ea0000)
 tenured generation   total 17524K, used 13148K [0x09b50000, 0x0ac6d000, 0x14600000)
   the space 17524K,  75% used [0x09b50000, 0x0a827310, 0x0a827400, 0x0ac6d000)
 Metaspace       used 763K, capacity 2508K, committed 2624K, reserved 4480K
Event: 3.098 GC heap after
Heap after GC invocations=16 (full 2):
 def new generation   total 8000K, used 390K [0x04600000, 0x04ea0000, 0x09b50000)
  eden space 7168K,   0% used [0x04600000, 0x04600000, 0x04d00000)
  from space 832K,  46% used [0x04dd0000, 0x04e31bc8, 0x04ea0000)
  to   space 832K,   0% used [0x04d00000, 0x04d00000, 0x04dd0000)
 tenured generation   total 17524K, used 15928K [0x09b50000, 0x0ac6d000, 0x14600000)
   the space 17524K,  90% used [0x09b50000, 0x0aade1c8, 0x0aade200, 0x0ac6d000)
 Metaspace       used 763K, capacity 2508K, committed 2624K, reserved 4480K
}

