# JRE version: Java(TM) SE Runtime Environment (8.0_161-b12) (build 1.8.0_161-b12)
# Java VM: Java HotSpot(TM) Client VM (25.161-b12 mixed mode, sharing windows-x86 )
Heap:
 def new generation   total 7808K, used 6923K [0x05000000, 0x05870000, 0x0a550000)
  eden space 6976K,  90% used [0x05000000, 0x0562d6b0, 0x056d0000)
  from space 832K,  71% used [0x056d0000, 0x057656a8, 0x057a0000)
  to   space 832K,   0% used [0x057a0000, 0x057a0000, 0x05870000)
 tenured generation   total 17248K, used 12961K [0x0a550000, 0x0b628000, 0x15000000)
   the space 17248K,  75% used [0x0a550000, 0x0b1f8450, 0x0b1f8600, 0x0b628000)
 Metaspace       used 771K, capacity 2508K, committed 2624K, reserved 4480K
GC Heap History (10 events):
Event: 1.943 GC heap before
{Heap before GC invocations=6 (full 0):
 def new generation   total 4928K, used 4819K [0x05000000, 0x05550000, 0x0a550000)
  eden space 4416K, 100% used [0x05000000, 0x05450000, 0x05450000)
  from space 512K,  78% used [0x05450000, 0x054b4c68, 0x054d0000)
  to   space 512K,   0% used [0x054d0000, 0x054d0000, 0x05550000)
 tenured generation   total 10944K, used 7535K [0x0a550000, 0x0b000000, 0x15000000)
   the space 10944K,  68% used [0x0a550000, 0x0acabf98, 0x0acac000, 0x0b000000)
 Metaspace       used 732K, capacity 2508K, committed 2624K, reserved 4480K
Event: 1.950 GC heap after
Heap after GC invocations=7 (full 0):
 def new generation   total 4928K, used 16K [0x05000000, 0x05550000, 0x0a550000)
  eden space 4416K,   0% used [0x05000000, 0x05000000, 0x05450000)
  from space 512K,   3% used [0x054d0000, 0x054d42d8, 0x05550000)
  to   space 512K,   0% used [0x05450000, 0x05450000, 0x054d0000)
 tenured generation   total 10944K, used 10537K [0x0a550000, 0x0b000000, 0x15000000)
   the space 10944K,  96% used [0x0a550000, 0x0af9a4e0, 0x0af9a600, 0x0b000000)
 Metaspace       used 732K, capacity 2508K, committed 2624K, reserved 4480K
}
Event: 2.063 GC heap before
{Heap before GC invocations=7 (full 0):
 def new generation   total 4928K, used 4432K [0x05000000, 0x05550000, 0x0a550000)
  eden space 4416K, 100% used [0x05000000, 0x05450000, 0x05450000)
  from space 512K,   3% used [0x054d0000, 0x054d42d8, 0x05550000)
  to   space 512K,   0% used [0x05450000, 0x05450000, 0x054d0000)
 tenured generation   total 10944K, used 10537K [0x0a550000, 0x0b000000, 0x15000000)
   the space 10944K,  96% used [0x0a550000, 0x0af9a4e0, 0x0af9a600, 0x0b000000)
 Metaspace       used 732K, capacity 2508K, committed 2624K, reserved 4480K
Event: 2.064 GC heap after
Heap after GC invocations=8 (full 0):
 def new generation   total 4928K, used 379K [0x05000000, 0x05550000, 0x0a550000)
  eden space 4416K,   0% used [0x05000000, 0x05000000, 0x05450000)
  from space 512K,  74% used [0x05450000, 0x054aef28, 0x054d0000)
  to   space 512K,   0% used [0x054d0000, 0x054d0000, 0x05550000)
 tenured generation   total 10944K, used 10537K [0x0a550000, 0x0b000000, 0x15000000)
   the space 10944K,  96% used [0x0a550000, 0x0af9a4e0, 0x0af9a600, 0x0b000000)
 Metaspace       used 732K, capacity 2508K, committed 2624K, reserved 4480K
}
Event: 2.097 GC heap before
{Heap before GC invocations=8 (full 0):
 def new generation   total 4928K, used 4795K [0x05000000, 0x05550000, 0x0a550000)
  eden space 4416K,  99% used [0x05000000, 0x0544fe20, 0x05450000)
  from space 512K,  74% used [0x05450000, 0x054aef28, 0x054d0000)
  to   space 512K,   0% used [0x054d0000, 0x054d0000, 0x05550000)
 tenured generation   total 10944K, used 10537K [0x0a550000, 0x0b000000, 0x15000000)
   the space 10944K,  96% used [0x0a550000, 0x0af9a4e0, 0x0af9a600, 0x0b000000)
 Metaspace       used 732K, capacity 2508K, committed 2624K, reserved 4480K
Event: 2.121 GC heap after
Heap after GC invocations=9 (full 1):
 def new generation   total 7808K, used 0K [0x05000000, 0x05870000, 0x0a550000)
  eden space 6976K,   0% used [0x05000000, 0x05000000, 0x056d0000)
  from space 832K,   0% used [0x056d0000, 0x056d0000, 0x057a0000)
  to   space 832K,   0% used [0x057a0000, 0x057a0000, 0x05870000)
 tenured generation   total 17248K, used 10348K [0x0a550000, 0x0b628000, 0x15000000)
   the space 17248K,  59% used [0x0a550000, 0x0af6b040, 0x0af6b200, 0x0b628000)
 Metaspace       used 732K, capacity 2508K, committed 2624K, reserved 4480K
}
Event: 2.261 GC heap before
{Heap before GC invocations=9 (full 1):
 def new generation   total 7808K, used 6976K [0x05000000, 0x05870000, 0x0a550000)
  eden space 6976K, 100% used [0x05000000, 0x056d0000, 0x056d0000)
  from space 832K,   0% used [0x056d0000, 0x056d0000, 0x057a0000)
  to   space 832K,   0% used [0x057a0000, 0x057a0000, 0x05870000)
 tenured generation   total 17248K, used 10348K [0x0a550000, 0x0b628000, 0x15000000)
   the space 17248K,  59% used [0x0a550000, 0x0af6b040, 0x0af6b200, 0x0b628000)
 Metaspace       used 745K, capacity 2508K, committed 2624K, reserved 4480K
Event: 2.266 GC heap after
Heap after GC invocations=10 (full 1):
 def new generation   total 7808K, used 400K [0x05000000, 0x05870000, 0x0a550000)
  eden space 6976K,   0% used [0x05000000, 0x05000000, 0x056d0000)
  from space 832K,  48% used [0x057a0000, 0x05804370, 0x05870000)
  to   space 832K,   0% used [0x056d0000, 0x056d0000, 0x057a0000)
 tenured generation   total 17248K, used 12961K [0x0a550000, 0x0b628000, 0x15000000)
   the space 17248K,  75% used [0x0a550000, 0x0b1f8450, 0x0b1f8600, 0x0b628000)
 Metaspace       used 745K, capacity 2508K, committed 2624K, reserved 4480K
}
Event: 2.372 GC heap before
{Heap before GC invocations=10 (full 1):
 def new generation   total 7808K, used 5193K [0x05000000, 0x05870000, 0x0a550000)
  eden space 6976K,  68% used [0x05000000, 0x054ae1a8, 0x056d0000)
  from space 832K,  48% used [0x057a0000, 0x05804370, 0x05870000)
  to   space 832K,   0% used [0x056d0000, 0x056d0000, 0x057a0000)
 tenured generation   total 17248K, used 12961K [0x0a550000, 0x0b628000, 0x15000000)
   the space 17248K,  75% used [0x0a550000, 0x0b1f8450, 0x0b1f8600, 0x0b628000)
 Metaspace       used 745K, capacity 2508K, committed 2624K, reserved 4480K
Event: 2.375 GC heap after
Heap after GC invocations=11 (full 1):
 def new generation   total 7808K, used 597K [0x05000000, 0x05870000, 0x0a550000)
  eden space 6976K,   0% used [0x05000000, 0x05000000, 0x056d0000)
  from space 832K,  71% used [0x056d0000, 0x057656a8, 0x057a0000)
  to   space 832K,   0% used [0x057a0000, 0x057a0000, 0x05870000)
 tenured generation   total 17248K, used 12961K [0x0a550000, 0x0b628000, 0x15000000)
   the space 17248K,  75% used [0x0a550000, 0x0b1f8450, 0x0b1f8600, 0x0b628000)
 Metaspace       used 745K, capacity 2508K, committed 2624K, reserved 4480K
}

