# JRE version: Java(TM) SE Runtime Environment (8.0_161-b12) (build 1.8.0_161-b12)
# Java VM: Java HotSpot(TM) Client VM (25.161-b12 mixed mode, sharing windows-x86 )
Heap:
 def new generation   total 8000K, used 1513K [0x04600000, 0x04ea0000, 0x09b50000)
  eden space 7168K,  15% used [0x04600000, 0x04716b20, 0x04d00000)
  from space 832K,  47% used [0x04dd0000, 0x04e33c70, 0x04ea0000)
  to   space 832K,   0% used [0x04d00000, 0x04d00000, 0x04dd0000)
 tenured generation   total 17552K, used 13130K [0x09b50000, 0x0ac74000, 0x14600000)
   the space 17552K,  74% used [0x09b50000, 0x0a822ab0, 0x0a822c00, 0x0ac74000)
 Metaspace       used 768K, capacity 2508K, committed 2624K, reserved 4480K
GC Heap History (10 events):
Event: 3.830 GC heap before
{Heap before GC invocations=23 (full 4):
 def new generation   total 8000K, used 7759K [0x04600000, 0x04ea0000, 0x09b50000)
  eden space 7168K, 100% used [0x04600000, 0x04d00000, 0x04d00000)
  from space 832K,  71% used [0x04d00000, 0x04d93e28, 0x04dd0000)
  to   space 832K,   0% used [0x04dd0000, 0x04dd0000, 0x04ea0000)
 tenured generation   total 17552K, used 12973K [0x09b50000, 0x0ac74000, 0x14600000)
   the space 17552K,  73% used [0x09b50000, 0x0a7fb5c8, 0x0a7fb600, 0x0ac74000)
 Metaspace       used 765K, capacity 2508K, committed 2624K, reserved 4480K
Event: 3.833 GC heap after
Heap after GC invocations=24 (full 4):
 def new generation   total 8000K, used 390K [0x04600000, 0x04ea0000, 0x09b50000)
  eden space 7168K,   0% used [0x04600000, 0x04600000, 0x04d00000)
  from space 832K,  46% used [0x04dd0000, 0x04e319d0, 0x04ea0000)
  to   space 832K,   0% used [0x04d00000, 0x04d00000, 0x04dd0000)
 tenured generation   total 17552K, used 15790K [0x09b50000, 0x0ac74000, 0x14600000)
   the space 17552K,  89% used [0x09b50000, 0x0aabb9e8, 0x0aabba00, 0x0ac74000)
 Metaspace       used 765K, capacity 2508K, committed 2624K, reserved 4480K
}
Event: 3.928 GC heap before
{Heap before GC invocations=24 (full 4):
 def new generation   total 8000K, used 5590K [0x04600000, 0x04ea0000, 0x09b50000)
  eden space 7168K,  72% used [0x04600000, 0x04b13e38, 0x04d00000)
  from space 832K,  46% used [0x04dd0000, 0x04e319d0, 0x04ea0000)
  to   space 832K,   0% used [0x04d00000, 0x04d00000, 0x04dd0000)
 tenured generation   total 17552K, used 15790K [0x09b50000, 0x0ac74000, 0x14600000)
   the space 17552K,  89% used [0x09b50000, 0x0aabb9e8, 0x0aabba00, 0x0ac74000)
 Metaspace       used 765K, capacity 2508K, committed 2624K, reserved 4480K
Event: 3.929 GC heap after
Heap after GC invocations=25 (full 4):
 def new generation   total 8000K, used 389K [0x04600000, 0x04ea0000, 0x09b50000)
  eden space 7168K,   0% used [0x04600000, 0x04600000, 0x04d00000)
  from space 832K,  46% used [0x04d00000, 0x04d615d8, 0x04dd0000)
  to   space 832K,   0% used [0x04dd0000, 0x04dd0000, 0x04ea0000)
 tenured generation   total 17552K, used 15790K [0x09b50000, 0x0ac74000, 0x14600000)
   the space 17552K,  89% used [0x09b50000, 0x0aabb9e8, 0x0aabba00, 0x0ac74000)
 Metaspace       used 765K, capacity 2508K, committed 2624K, reserved 4480K
}
Event: 4.011 GC heap before
{Heap before GC invocations=25 (full 4):
 def new generation   total 8000K, used 7557K [0x04600000, 0x04ea0000, 0x09b50000)
  eden space 7168K, 100% used [0x04600000, 0x04d00000, 0x04d00000)
  from space 832K,  46% used [0x04d00000, 0x04d615d8, 0x04dd0000)
  to   space 832K,   0% used [0x04dd0000, 0x04dd0000, 0x04ea0000)
 tenured generation   total 17552K, used 15790K [0x09b50000, 0x0ac74000, 0x14600000)
   the space 17552K,  89% used [0x09b50000, 0x0aabb9e8, 0x0aabba00, 0x0ac74000)
 Metaspace       used 765K, capacity 2508K, committed 2624K, reserved 4480K
Event: 4.028 GC heap after
Heap after GC invocations=26 (full 5):
 def new generation   total 8000K, used 0K [0x04600000, 0x04ea0000, 0x09b50000)
  eden space 7168K,   0% used [0x04600000, 0x04600000, 0x04d00000)
  from space 832K,   0% used [0x04dd0000, 0x04dd0000, 0x04ea0000)
  to   space 832K,   0% used [0x04d00000, 0x04d00000, 0x04dd0000)
 tenured generation   total 17552K, used 7904K [0x09b50000, 0x0ac74000, 0x14600000)
   the space 17552K,  45% used [0x09b50000, 0x0a308290, 0x0a308400, 0x0ac74000)
 Metaspace       used 765K, capacity 2508K, committed 2624K, reserved 4480K
}
Event: 4.116 GC heap before
{Heap before GC invocations=26 (full 5):
 def new generation   total 8000K, used 7075K [0x04600000, 0x04ea0000, 0x09b50000)
  eden space 7168K,  98% used [0x04600000, 0x04ce8cb8, 0x04d00000)
  from space 832K,   0% used [0x04dd0000, 0x04dd0000, 0x04ea0000)
  to   space 832K,   0% used [0x04d00000, 0x04d00000, 0x04dd0000)
 tenured generation   total 17552K, used 7904K [0x09b50000, 0x0ac74000, 0x14600000)
   the space 17552K,  45% used [0x09b50000, 0x0a308290, 0x0a308400, 0x0ac74000)
 Metaspace       used 765K, capacity 2508K, committed 2624K, reserved 4480K
Event: 4.118 GC heap after
Heap after GC invocations=27 (full 5):
 def new generation   total 8000K, used 221K [0x04600000, 0x04ea0000, 0x09b50000)
  eden space 7168K,   0% used [0x04600000, 0x04600000, 0x04d00000)
  from space 832K,  26% used [0x04d00000, 0x04d37758, 0x04dd0000)
  to   space 832K,   0% used [0x04dd0000, 0x04dd0000, 0x04ea0000)
 tenured generation   total 17552K, used 10517K [0x09b50000, 0x0ac74000, 0x14600000)
   the space 17552K,  59% used [0x09b50000, 0x0a5956a0, 0x0a595800, 0x0ac74000)
 Metaspace       used 765K, capacity 2508K, committed 2624K, reserved 4480K
}
Event: 4.187 GC heap before
{Heap before GC invocations=27 (full 5):
 def new generation   total 8000K, used 7389K [0x04600000, 0x04ea0000, 0x09b50000)
  eden space 7168K, 100% used [0x04600000, 0x04d00000, 0x04d00000)
  from space 832K,  26% used [0x04d00000, 0x04d37758, 0x04dd0000)
  to   space 832K,   0% used [0x04dd0000, 0x04dd0000, 0x04ea0000)
 tenured generation   total 17552K, used 10517K [0x09b50000, 0x0ac74000, 0x14600000)
   the space 17552K,  59% used [0x09b50000, 0x0a5956a0, 0x0a595800, 0x0ac74000)
 Metaspace       used 765K, capacity 2508K, committed 2624K, reserved 4480K
Event: 4.189 GC heap after
Heap after GC invocations=28 (full 5):
 def new generation   total 8000K, used 399K [0x04600000, 0x04ea0000, 0x09b50000)
  eden space 7168K,   0% used [0x04600000, 0x04600000, 0x04d00000)
  from space 832K,  47% used [0x04dd0000, 0x04e33c70, 0x04ea0000)
  to   space 832K,   0% used [0x04d00000, 0x04d00000, 0x04dd0000)
 tenured generation   total 17552K, used 13130K [0x09b50000, 0x0ac74000, 0x14600000)
   the space 17552K,  74% used [0x09b50000, 0x0a822ab0, 0x0a822c00, 0x0ac74000)
 Metaspace       used 765K, capacity 2508K, committed 2624K, reserved 4480K
}

