# JRE version: Java(TM) SE Runtime Environment (8.0_161-b12) (build 1.8.0_161-b12)
# Java VM: Java HotSpot(TM) Client VM (25.161-b12 mixed mode, sharing windows-x86 )
Heap:
 def new generation   total 8000K, used 1964K [0x04600000, 0x04ea0000, 0x09b50000)
  eden space 7168K,  27% used [0x04600000, 0x047eb398, 0x04d00000)
  from space 832K,   0% used [0x04d00000, 0x04d00000, 0x04dd0000)
  to   space 832K,   0% used [0x04dd0000, 0x04dd0000, 0x04ea0000)
 tenured generation   total 17532K, used 10517K [0x09b50000, 0x0ac6f000, 0x14600000)
   the space 17532K,  59% used [0x09b50000, 0x0a595478, 0x0a595600, 0x0ac6f000)
 Metaspace       used 767K, capacity 2508K, committed 2624K, reserved 4480K
GC Heap History (10 events):
Event: 1.636 GC heap before
{Heap before GC invocations=4 (full 0):
 def new generation   total 4928K, used 4928K [0x04600000, 0x04b50000, 0x09b50000)
  eden space 4416K, 100% used [0x04600000, 0x04a50000, 0x04a50000)
  from space 512K, 100% used [0x04a50000, 0x04ad0000, 0x04ad0000)
  to   space 512K,   0% used [0x04ad0000, 0x04ad0000, 0x04b50000)
 tenured generation   total 10944K, used 4422K [0x09b50000, 0x0a600000, 0x14600000)
   the space 10944K,  40% used [0x09b50000, 0x09fa1a80, 0x09fa1c00, 0x0a600000)
 Metaspace       used 724K, capacity 2508K, committed 2624K, reserved 4480K
Event: 1.644 GC heap after
Heap after GC invocations=5 (full 0):
 def new generation   total 4928K, used 17K [0x04600000, 0x04b50000, 0x09b50000)
  eden space 4416K,   0% used [0x04600000, 0x04600000, 0x04a50000)
  from space 512K,   3% used [0x04ad0000, 0x04ad4428, 0x04b50000)
  to   space 512K,   0% used [0x04a50000, 0x04a50000, 0x04ad0000)
 tenured generation   total 10944K, used 7533K [0x09b50000, 0x0a600000, 0x14600000)
   the space 10944K,  68% used [0x09b50000, 0x0a2ab5a0, 0x0a2ab600, 0x0a600000)
 Metaspace       used 724K, capacity 2508K, committed 2624K, reserved 4480K
}
Event: 1.806 GC heap before
{Heap before GC invocations=5 (full 0):
 def new generation   total 4928K, used 4433K [0x04600000, 0x04b50000, 0x09b50000)
  eden space 4416K, 100% used [0x04600000, 0x04a50000, 0x04a50000)
  from space 512K,   3% used [0x04ad0000, 0x04ad4428, 0x04b50000)
  to   space 512K,   0% used [0x04a50000, 0x04a50000, 0x04ad0000)
 tenured generation   total 10944K, used 7533K [0x09b50000, 0x0a600000, 0x14600000)
   the space 10944K,  68% used [0x09b50000, 0x0a2ab5a0, 0x0a2ab600, 0x0a600000)
 Metaspace       used 730K, capacity 2508K, committed 2624K, reserved 4480K
Event: 1.807 GC heap after
Heap after GC invocations=6 (full 0):
 def new generation   total 4928K, used 408K [0x04600000, 0x04b50000, 0x09b50000)
  eden space 4416K,   0% used [0x04600000, 0x04600000, 0x04a50000)
  from space 512K,  79% used [0x04a50000, 0x04ab6228, 0x04ad0000)
  to   space 512K,   0% used [0x04ad0000, 0x04ad0000, 0x04b50000)
 tenured generation   total 10944K, used 7533K [0x09b50000, 0x0a600000, 0x14600000)
   the space 10944K,  68% used [0x09b50000, 0x0a2ab5a0, 0x0a2ab600, 0x0a600000)
 Metaspace       used 730K, capacity 2508K, committed 2624K, reserved 4480K
}
Event: 1.843 GC heap before
{Heap before GC invocations=6 (full 0):
 def new generation   total 4928K, used 4824K [0x04600000, 0x04b50000, 0x09b50000)
  eden space 4416K, 100% used [0x04600000, 0x04a50000, 0x04a50000)
  from space 512K,  79% used [0x04a50000, 0x04ab6228, 0x04ad0000)
  to   space 512K,   0% used [0x04ad0000, 0x04ad0000, 0x04b50000)
 tenured generation   total 10944K, used 7533K [0x09b50000, 0x0a600000, 0x14600000)
   the space 10944K,  68% used [0x09b50000, 0x0a2ab5a0, 0x0a2ab600, 0x0a600000)
 Metaspace       used 730K, capacity 2508K, committed 2624K, reserved 4480K
Event: 1.850 GC heap after
Heap after GC invocations=7 (full 0):
 def new generation   total 4928K, used 17K [0x04600000, 0x04b50000, 0x09b50000)
  eden space 4416K,   0% used [0x04600000, 0x04600000, 0x04a50000)
  from space 512K,   3% used [0x04ad0000, 0x04ad4620, 0x04b50000)
  to   space 512K,   0% used [0x04a50000, 0x04a50000, 0x04ad0000)
 tenured generation   total 10944K, used 10540K [0x09b50000, 0x0a600000, 0x14600000)
   the space 10944K,  96% used [0x09b50000, 0x0a59b0a8, 0x0a59b200, 0x0a600000)
 Metaspace       used 730K, capacity 2508K, committed 2624K, reserved 4480K
}
Event: 1.973 GC heap before
{Heap before GC invocations=7 (full 0):
 def new generation   total 4928K, used 4433K [0x04600000, 0x04b50000, 0x09b50000)
  eden space 4416K, 100% used [0x04600000, 0x04a50000, 0x04a50000)
  from space 512K,   3% used [0x04ad0000, 0x04ad4620, 0x04b50000)
  to   space 512K,   0% used [0x04a50000, 0x04a50000, 0x04ad0000)
 tenured generation   total 10944K, used 10540K [0x09b50000, 0x0a600000, 0x14600000)
   the space 10944K,  96% used [0x09b50000, 0x0a59b0a8, 0x0a59b200, 0x0a600000)
 Metaspace       used 730K, capacity 2508K, committed 2624K, reserved 4480K
Event: 1.974 GC heap after
Heap after GC invocations=8 (full 0):
 def new generation   total 4928K, used 382K [0x04600000, 0x04b50000, 0x09b50000)
  eden space 4416K,   0% used [0x04600000, 0x04600000, 0x04a50000)
  from space 512K,  74% used [0x04a50000, 0x04aaf830, 0x04ad0000)
  to   space 512K,   0% used [0x04ad0000, 0x04ad0000, 0x04b50000)
 tenured generation   total 10944K, used 10540K [0x09b50000, 0x0a600000, 0x14600000)
   the space 10944K,  96% used [0x09b50000, 0x0a59b0a8, 0x0a59b200, 0x0a600000)
 Metaspace       used 730K, capacity 2508K, committed 2624K, reserved 4480K
}
Event: 2.009 GC heap before
{Heap before GC invocations=8 (full 0):
 def new generation   total 4928K, used 4798K [0x04600000, 0x04b50000, 0x09b50000)
  eden space 4416K, 100% used [0x04600000, 0x04a50000, 0x04a50000)
  from space 512K,  74% used [0x04a50000, 0x04aaf830, 0x04ad0000)
  to   space 512K,   0% used [0x04ad0000, 0x04ad0000, 0x04b50000)
 tenured generation   total 10944K, used 10540K [0x09b50000, 0x0a600000, 0x14600000)
   the space 10944K,  96% used [0x09b50000, 0x0a59b0a8, 0x0a59b200, 0x0a600000)
 Metaspace       used 730K, capacity 2508K, committed 2624K, reserved 4480K
Event: 2.034 GC heap after
Heap after GC invocations=9 (full 1):
 def new generation   total 8000K, used 0K [0x04600000, 0x04ea0000, 0x09b50000)
  eden space 7168K,   0% used [0x04600000, 0x04600000, 0x04d00000)
  from space 832K,   0% used [0x04d00000, 0x04d00000, 0x04dd0000)
  to   space 832K,   0% used [0x04dd0000, 0x04dd0000, 0x04ea0000)
 tenured generation   total 17532K, used 10517K [0x09b50000, 0x0ac6f000, 0x14600000)
   the space 17532K,  59% used [0x09b50000, 0x0a595478, 0x0a595600, 0x0ac6f000)
 Metaspace       used 730K, capacity 2508K, committed 2624K, reserved 4480K
}

